<?xml version="1.0" encoding="UTF-8"?>
<!-- Generated by org.testng.reporters.JUnitReportReporter -->
<testsuite hostname="LAPTOP-S7S335L6" name="com.automation.AddBranch" tests="1" failures="0" timestamp="6 May 2019 16:36:19 GMT" time="5.245" errors="0">
  <testcase name="selectBranch" time="5.245" classname="com.automation.AddBranch"/>
</testsuite> <!-- com.automation.AddBranch -->
