<?xml version="1.0" encoding="UTF-8"?>
<!-- Generated by org.testng.reporters.JUnitReportReporter -->
<testsuite hostname="LAPTOP-S7S335L6" name="com.automation.AddBranch" tests="1" failures="0" timestamp="9 May 2019 01:12:34 GMT" time="8.323" errors="0">
  <testcase name="selectBranch" time="8.323" classname="com.automation.AddBranch"/>
</testsuite> <!-- com.automation.AddBranch -->
