<?xml version="1.0" encoding="UTF-8"?>
<!-- Generated by org.testng.reporters.JUnitReportReporter -->
<testsuite hostname="LAPTOP-S7S335L6" name="com.automation.DeleteBranch" tests="1" failures="0" timestamp="7 May 2019 23:50:29 GMT" time="3.301" errors="0">
  <testcase name="BranchDelete" time="3.301" classname="com.automation.DeleteBranch"/>
</testsuite> <!-- com.automation.DeleteBranch -->
