<?xml version="1.0" encoding="UTF-8"?>
<!-- Generated by org.testng.reporters.JUnitReportReporter -->
<testsuite hostname="LAPTOP-S7S335L6" name="com.automation.AddStaff" tests="1" failures="0" timestamp="8 May 2019 21:35:02 GMT" time="7.212" errors="0">
  <testcase name="selectStaff" time="7.212" classname="com.automation.AddStaff"/>
</testsuite> <!-- com.automation.AddStaff -->
