<?xml version="1.0" encoding="UTF-8"?>
<!-- Generated by org.testng.reporters.JUnitReportReporter -->
<testsuite hostname="LAPTOP-S7S335L6" name="com.automation.AddStaff" tests="1" failures="0" timestamp="6 May 2019 16:36:19 GMT" time="5.202" errors="0">
  <testcase name="selectBranch" time="5.202" classname="com.automation.AddStaff"/>
</testsuite> <!-- com.automation.AddStaff -->
