<?xml version="1.0" encoding="UTF-8"?>
<!-- Generated by org.testng.reporters.JUnitReportReporter -->
<testsuite hostname="LAPTOP-S7S335L6" name="com.automation.AddBranch" tests="1" failures="0" timestamp="7 May 2019 23:50:29 GMT" time="6.283" errors="0">
  <testcase name="selectBranch" time="6.283" classname="com.automation.AddBranch"/>
</testsuite> <!-- com.automation.AddBranch -->
