<?xml version="1.0" encoding="UTF-8"?>
<!-- Generated by org.testng.reporters.JUnitReportReporter -->
<testsuite hostname="LAPTOP-S7S335L6" name="com.automation.AddStaff" tests="1" failures="0" timestamp="9 May 2019 01:12:34 GMT" time="8.036" errors="0">
  <testcase name="selectStaff" time="8.036" classname="com.automation.AddStaff"/>
</testsuite> <!-- com.automation.AddStaff -->
