<?xml version="1.0" encoding="UTF-8"?>
<!-- Generated by org.testng.reporters.JUnitReportReporter -->
<testsuite hostname="LAPTOP-S7S335L6" name="com.automation.DeleteStaff" tests="1" failures="0" timestamp="8 May 2019 21:35:03 GMT" time="8.390" errors="0">
  <testcase name="StaffDelete" time="8.390" classname="com.automation.DeleteStaff"/>
</testsuite> <!-- com.automation.DeleteStaff -->
