<?xml version="1.0" encoding="UTF-8"?>
<!-- Generated by org.testng.reporters.JUnitReportReporter -->
<testsuite hostname="LAPTOP-S7S335L6" name="com.automation.ViewBranch" tests="1" failures="0" timestamp="7 May 2019 23:50:29 GMT" time="4.733" errors="0">
  <testcase name="ViewBranchDetails" time="4.733" classname="com.automation.ViewBranch"/>
</testsuite> <!-- com.automation.ViewBranch -->
