<?xml version="1.0" encoding="UTF-8"?>
<!-- Generated by org.testng.reporters.JUnitReportReporter -->
<testsuite hostname="LAPTOP-S7S335L6" name="com.automation.ViewBranch" tests="1" failures="0" timestamp="8 May 2019 21:35:03 GMT" time="7.266" errors="0">
  <testcase name="ViewBranchDetails" time="7.266" classname="com.automation.ViewBranch"/>
</testsuite> <!-- com.automation.ViewBranch -->
