<?xml version="1.0" encoding="UTF-8"?>
<!-- Generated by org.testng.reporters.JUnitReportReporter -->
<testsuite hostname="LAPTOP-S7S335L6" name="com.automation.AddBranch" tests="1" failures="0" timestamp="8 May 2019 21:35:02 GMT" time="8.286" errors="0">
  <testcase name="selectBranch" time="8.286" classname="com.automation.AddBranch"/>
</testsuite> <!-- com.automation.AddBranch -->
