<?xml version="1.0" encoding="UTF-8"?>
<!-- Generated by org.testng.reporters.JUnitReportReporter -->
<testsuite hostname="LAPTOP-S7S335L6" name="com.automation.SearchStaff" tests="1" failures="0" timestamp="9 May 2019 01:12:34 GMT" time="6.158" errors="0">
  <testcase name="searchingStaff" time="6.158" classname="com.automation.SearchStaff"/>
</testsuite> <!-- com.automation.SearchStaff -->
