<?xml version="1.0" encoding="UTF-8"?>
<!-- Generated by org.testng.reporters.JUnitReportReporter -->
<testsuite hostname="LAPTOP-S7S335L6" name="com.automation.SearchStaff" tests="1" failures="0" timestamp="8 May 2019 21:35:03 GMT" time="5.341" errors="0">
  <testcase name="searchingStaff" time="5.341" classname="com.automation.SearchStaff"/>
</testsuite> <!-- com.automation.SearchStaff -->
