<?xml version="1.0" encoding="UTF-8"?>
<!-- Generated by org.testng.reporters.JUnitReportReporter -->
<testsuite hostname="LAPTOP-S7S335L6" name="com.automation.SearchBranch" tests="1" failures="0" timestamp="7 May 2019 23:50:29 GMT" time="4.581" errors="0">
  <testcase name="searchingBranch" time="4.581" classname="com.automation.SearchBranch"/>
</testsuite> <!-- com.automation.SearchBranch -->
