<?xml version="1.0" encoding="UTF-8"?>
<!-- Generated by org.testng.reporters.JUnitReportReporter -->
<testsuite hostname="LAPTOP-S7S335L6" name="com.automation.DeleteBranch" tests="1" failures="0" timestamp="8 May 2019 21:35:02 GMT" time="6.540" errors="0">
  <testcase name="BranchDelete" time="6.540" classname="com.automation.DeleteBranch"/>
</testsuite> <!-- com.automation.DeleteBranch -->
