<?xml version="1.0" encoding="UTF-8"?>
<!-- Generated by org.testng.reporters.JUnitReportReporter -->
<testsuite hostname="LAPTOP-S7S335L6" name="com.automation.DeleteStaff" tests="1" failures="0" timestamp="7 May 2019 23:23:25 GMT" time="0.016" errors="0">
  <testcase name="StaffDelete" time="0.016" classname="com.automation.DeleteStaff"/>
</testsuite> <!-- com.automation.DeleteStaff -->
