<?xml version="1.0" encoding="UTF-8"?>
<!-- Generated by org.testng.reporters.JUnitReportReporter -->
<testsuite hostname="LAPTOP-S7S335L6" name="com.automation.EditStaff" tests="1" failures="0" timestamp="8 May 2019 21:35:02 GMT" time="7.453" errors="0">
  <testcase name="EditStaffDetails" time="7.453" classname="com.automation.EditStaff"/>
</testsuite> <!-- com.automation.EditStaff -->
