<?xml version="1.0" encoding="UTF-8"?>
<!-- Generated by org.testng.reporters.JUnitReportReporter -->
<testsuite hostname="LAPTOP-S7S335L6" name="com.automation.SearchStaff" tests="1" failures="0" timestamp="7 May 2019 23:23:25 GMT" time="0.000" errors="0">
  <testcase name="searchingStaff" time="0.000" classname="com.automation.SearchStaff"/>
</testsuite> <!-- com.automation.SearchStaff -->
