<?xml version="1.0" encoding="UTF-8"?>
<!-- Generated by org.testng.reporters.JUnitReportReporter -->
<testsuite hostname="LAPTOP-S7S335L6" name="com.automation.Login" tests="1" failures="0" timestamp="6 May 2019 08:27:59 GMT" time="3.991" errors="0">
  <testcase name="navigatetoLoginPage" time="3.991" classname="com.automation.Login"/>
</testsuite> <!-- com.automation.Login -->
